<?xml version="1.0" encoding="UTF-8"?>
<testng-results skipped="0" failed="0" ignored="0" total="1" passed="1">
  <reporter-output>
  </reporter-output>
  <suite name="Suite" duration-ms="26" started-at="2019-09-01T19:02:35Z" finished-at="2019-09-01T19:02:35Z">
    <groups>
    </groups>
    <test name="Test" duration-ms="26" started-at="2019-09-01T19:02:35Z" finished-at="2019-09-01T19:02:35Z">
      <class name="maven.Mvn">
        <test-method status="PASS" signature="sample()[pri:0, instance:maven.Mvn@61443d8f]" name="sample" duration-ms="5" started-at="2019-09-01T19:02:35Z" finished-at="2019-09-01T19:02:35Z">
          <reporter-output>
          </reporter-output>
        </test-method> <!-- sample -->
      </class> <!-- maven.Mvn -->
    </test> <!-- Test -->
  </suite> <!-- Suite -->
</testng-results>
